
> asa-servers-dashboard@0.0.0 lint
> eslint .


E:\Programming\ARK\asa-management\asa-servers-dashboard\src\__tests__\useAutoUpdate.test.ts
  178:58  warning  Unexpected any. Specify a different type  @typescript-eslint/no-explicit-any
  184:40  warning  Unexpected any. Specify a different type  @typescript-eslint/no-explicit-any
  213:61  warning  Unexpected any. Specify a different type  @typescript-eslint/no-explicit-any
  219:43  warning  Unexpected any. Specify a different type  @typescript-eslint/no-explicit-any

E:\Programming\ARK\asa-management\asa-servers-dashboard\src\components\AdvancedClusterForm.tsx
   13:20   warning  Unexpected any. Specify a different type  @typescript-eslint/no-explicit-any
   30:23   warning  Unexpected any. Specify a different type  @typescript-eslint/no-explicit-any
   31:18   warning  Unexpected any. Specify a different type  @typescript-eslint/no-explicit-any
   32:24   warning  Unexpected any. Specify a different type  @typescript-eslint/no-explicit-any
   35:23   warning  Unexpected any. Specify a different type  @typescript-eslint/no-explicit-any
  194:115  warning  Unexpected any. Specify a different type  @typescript-eslint/no-explicit-any

E:\Programming\ARK\asa-management\asa-servers-dashboard\src\components\ArkServerEditor.tsx
  22:12  warning  Unexpected any. Specify a different type  @typescript-eslint/no-explicit-any
  44:54  warning  Unexpected any. Specify a different type  @typescript-eslint/no-explicit-any
  80:44  warning  Unexpected any. Specify a different type  @typescript-eslint/no-explicit-any

E:\Programming\ARK\asa-management\asa-servers-dashboard\src\components\AutoShutdownManager.tsx
  80:14  warning  'err' is defined but never used  @typescript-eslint/no-unused-vars

E:\Programming\ARK\asa-management\asa-servers-dashboard\src\components\ConfigEditor.tsx
   34:6   warning  React Hook useEffect has a missing dependency: 'loadConfig'. Either include it or remove the dependency array  react-hooks/exhaustive-deps
   84:19  warning  Unexpected any. Specify a different type                                                                       @typescript-eslint/no-explicit-any
  104:19  warning  Unexpected any. Specify a different type                                                                       @typescript-eslint/no-explicit-any

E:\Programming\ARK\asa-management\asa-servers-dashboard\src\components\ContainerList.tsx
   56:56  warning  Unexpected any. Specify a different type  @typescript-eslint/no-explicit-any
   57:54  warning  Unexpected any. Specify a different type  @typescript-eslint/no-explicit-any
  443:57  warning  Unexpected any. Specify a different type  @typescript-eslint/no-explicit-any
  608:55  warning  Unexpected any. Specify a different type  @typescript-eslint/no-explicit-any
  806:51  warning  Unexpected any. Specify a different type  @typescript-eslint/no-explicit-any
  866:51  warning  Unexpected any. Specify a different type  @typescript-eslint/no-explicit-any

E:\Programming\ARK\asa-management\asa-servers-dashboard\src\components\EnvironmentEditor.tsx
  21:6  warning  React Hook useEffect has a missing dependency: 'loadData'. Either include it or remove the dependency array  react-hooks/exhaustive-deps

E:\Programming\ARK\asa-management\asa-servers-dashboard\src\components\FirstTimeSetup.tsx
   24:64  warning  Unexpected any. Specify a different type  @typescript-eslint/no-explicit-any
   90:25  warning  Unexpected any. Specify a different type  @typescript-eslint/no-explicit-any
  125:21  warning  Unexpected any. Specify a different type  @typescript-eslint/no-explicit-any

E:\Programming\ARK\asa-management\asa-servers-dashboard\src\components\GlobalConfigManager.tsx
  23:6  warning  React Hook useEffect has a missing dependency: 'loadConfigs'. Either include it or remove the dependency array  react-hooks/exhaustive-deps

E:\Programming\ARK\asa-management\asa-servers-dashboard\src\components\GlobalModManager.tsx
   46:19  warning  Unexpected any. Specify a different type  @typescript-eslint/no-explicit-any
   69:19  warning  Unexpected any. Specify a different type  @typescript-eslint/no-explicit-any
  100:53  warning  Unexpected any. Specify a different type  @typescript-eslint/no-explicit-any
  107:19  warning  Unexpected any. Specify a different type  @typescript-eslint/no-explicit-any

E:\Programming\ARK\asa-management\asa-servers-dashboard\src\components\LogViewer.tsx
  199:66  warning  Unexpected any. Specify a different type  @typescript-eslint/no-explicit-any

E:\Programming\ARK\asa-management\asa-servers-dashboard\src\components\ModManager.tsx
   38:6   warning  React Hook useEffect has a missing dependency: 'loadMods'. Either include it or remove the dependency array  react-hooks/exhaustive-deps
   67:19  warning  Unexpected any. Specify a different type                                                                     @typescript-eslint/no-explicit-any
  104:19  warning  Unexpected any. Specify a different type                                                                     @typescript-eslint/no-explicit-any

E:\Programming\ARK\asa-management\asa-servers-dashboard\src\components\NativeServerManager.tsx
  76:90  warning  Unexpected any. Specify a different type  @typescript-eslint/no-explicit-any

E:\Programming\ARK\asa-management\asa-servers-dashboard\src\components\RconConsole.tsx
  87:39  warning  Unexpected any. Specify a different type  @typescript-eslint/no-explicit-any

E:\Programming\ARK\asa-management\asa-servers-dashboard\src\components\RconDebugModal.tsx
  22:19  warning  Unexpected any. Specify a different type  @typescript-eslint/no-explicit-any
  63:28  warning  Unexpected any. Specify a different type  @typescript-eslint/no-explicit-any

E:\Programming\ARK\asa-management\asa-servers-dashboard\src\components\SaveFileManager.tsx
  33:6  warning  React Hook useEffect has a missing dependency: 'loadSaveFiles'. Either include it or remove the dependency array  react-hooks/exhaustive-deps

E:\Programming\ARK\asa-management\asa-servers-dashboard\src\components\ServerBackupManager.tsx
   13:18  warning  Unexpected any. Specify a different type  @typescript-eslint/no-explicit-any
   14:17  warning  Unexpected any. Specify a different type  @typescript-eslint/no-explicit-any
   54:21  warning  Unexpected any. Specify a different type  @typescript-eslint/no-explicit-any
   72:22  warning  Unexpected any. Specify a different type  @typescript-eslint/no-explicit-any
   89:21  warning  Unexpected any. Specify a different type  @typescript-eslint/no-explicit-any
  108:22  warning  Unexpected any. Specify a different type  @typescript-eslint/no-explicit-any
  124:21  warning  Unexpected any. Specify a different type  @typescript-eslint/no-explicit-any
  147:21  warning  Unexpected any. Specify a different type  @typescript-eslint/no-explicit-any

E:\Programming\ARK\asa-management\asa-servers-dashboard\src\components\ServerCard.tsx
   9:11  warning  Unexpected any. Specify a different type  @typescript-eslint/no-explicit-any
  13:12  warning  Unexpected any. Specify a different type  @typescript-eslint/no-explicit-any

E:\Programming\ARK\asa-management\asa-servers-dashboard\src\components\ServerCard\ServerActionButtons.tsx
   30:46  warning  Unexpected any. Specify a different type  @typescript-eslint/no-explicit-any
  121:50  warning  Unexpected any. Specify a different type  @typescript-eslint/no-explicit-any

E:\Programming\ARK\asa-management\asa-servers-dashboard\src\components\ServerCard\ServerLiveStats.tsx
  44:6  warning  React Hook useEffect has missing dependencies: 'fetchLiveStats' and 'statsLoading'. Either include them or remove the dependency array  react-hooks/exhaustive-deps

E:\Programming\ARK\asa-management\asa-servers-dashboard\src\components\ServerDetailsRconConsole.tsx
  103:69  warning  Unexpected any. Specify a different type                                                                       @typescript-eslint/no-explicit-any
  132:6   warning  React Hook useEffect has a missing dependency: 'serverName'. Either include it or remove the dependency array  react-hooks/exhaustive-deps
  140:39  warning  Unexpected any. Specify a different type                                                                       @typescript-eslint/no-explicit-any
  195:14  warning  'nativeError' is defined but never used                                                                        @typescript-eslint/no-unused-vars
  198:16  warning  'containerError' is defined but never used                                                                     @typescript-eslint/no-unused-vars

E:\Programming\ARK\asa-management\asa-servers-dashboard\src\components\ServerList.tsx
  10:11  warning  Unexpected any. Specify a different type  @typescript-eslint/no-explicit-any
  14:12  warning  Unexpected any. Specify a different type  @typescript-eslint/no-explicit-any
  97:32  warning  Unexpected any. Specify a different type  @typescript-eslint/no-explicit-any

E:\Programming\ARK\asa-management\asa-servers-dashboard\src\components\ServerLiveDetails.tsx
  147:6  warning  React Hook useEffect has a missing dependency: 'fetchServerInfo'. Either include it or remove the dependency array  react-hooks/exhaustive-deps

E:\Programming\ARK\asa-management\asa-servers-dashboard\src\components\ServerLogViewer.tsx
  44:6  warning  React Hook useEffect has missing dependencies: 'connectToServerLogs', 'debugLogFiles', and 'loadAvailableLogFiles'. Either include them or remove the dependency array  react-hooks/exhaustive-deps
  64:6  warning  React Hook useEffect has missing dependencies: 'isConnected' and 'loadStaticLogs'. Either include them or remove the dependency array                                   react-hooks/exhaustive-deps

E:\Programming\ARK\asa-management\asa-servers-dashboard\src\components\ServerModManager.tsx
  32:6   warning  React Hook useEffect has a missing dependency: 'loadMods'. Either include it or remove the dependency array  react-hooks/exhaustive-deps
  59:19  warning  Unexpected any. Specify a different type                                                                     @typescript-eslint/no-explicit-any
  83:19  warning  Unexpected any. Specify a different type                                                                     @typescript-eslint/no-explicit-any

E:\Programming\ARK\asa-management\asa-servers-dashboard\src\components\ServerSettingsEditor.tsx
  22:11  warning  Unexpected any. Specify a different type  @typescript-eslint/no-explicit-any
  64:66  warning  Unexpected any. Specify a different type  @typescript-eslint/no-explicit-any

E:\Programming\ARK\asa-management\asa-servers-dashboard\src\components\StaleDataIndicator.tsx
  285:17  warning  Fast refresh only works when a file only exports components. Use a new file to share constants or functions between components  react-refresh/only-export-components

E:\Programming\ARK\asa-management\asa-servers-dashboard\src\components\StartScriptViewer.tsx
  30:21  warning  Unexpected any. Specify a different type  @typescript-eslint/no-explicit-any

E:\Programming\ARK\asa-management\asa-servers-dashboard\src\components\UserManagement.tsx
   82:21  warning  Unexpected any. Specify a different type  @typescript-eslint/no-explicit-any
  134:21  warning  Unexpected any. Specify a different type  @typescript-eslint/no-explicit-any
  170:21  warning  Unexpected any. Specify a different type  @typescript-eslint/no-explicit-any
  194:21  warning  Unexpected any. Specify a different type  @typescript-eslint/no-explicit-any

E:\Programming\ARK\asa-management\asa-servers-dashboard\src\components\UserProfile.tsx
   66:64  warning  Unexpected any. Specify a different type  @typescript-eslint/no-explicit-any
  120:21  warning  Unexpected any. Specify a different type  @typescript-eslint/no-explicit-any
  159:21  warning  Unexpected any. Specify a different type  @typescript-eslint/no-explicit-any
  214:21  warning  Unexpected any. Specify a different type  @typescript-eslint/no-explicit-any

E:\Programming\ARK\asa-management\asa-servers-dashboard\src\components\provisioning\ClusterBasicStep.tsx
  112:6  warning  React Hook React.useEffect has missing dependencies: 'setWizardData' and 'wizardData.portConfiguration?.basePort'. Either include them or remove the dependency array. If 'setWizardData' changes too often, find the parent component that defines it and wrap that definition in useCallback  react-hooks/exhaustive-deps

E:\Programming\ARK\asa-management\asa-servers-dashboard\src\components\provisioning\GameSettingsStep.tsx
  5:52  warning  Unexpected any. Specify a different type  @typescript-eslint/no-explicit-any

E:\Programming\ARK\asa-management\asa-servers-dashboard\src\components\provisioning\IndividualServersStep.tsx
   5:37  warning  Unexpected any. Specify a different type                                                                                          @typescript-eslint/no-explicit-any
  29:68  warning  Unexpected any. Specify a different type                                                                                          @typescript-eslint/no-explicit-any
  63:6   warning  React Hook React.useEffect has a missing dependency: 'initializeServerConfigs'. Either include it or remove the dependency array  react-hooks/exhaustive-deps

E:\Programming\ARK\asa-management\asa-servers-dashboard\src\components\provisioning\MapSelectionStep.tsx
  19:6  warning  React Hook React.useEffect has missing dependencies: 'setWizardData' and 'wizardData.selectedMaps'. Either include them or remove the dependency array. If 'setWizardData' changes too often, find the parent component that defines it and wrap that definition in useCallback  react-hooks/exhaustive-deps

E:\Programming\ARK\asa-management\asa-servers-dashboard\src\components\provisioning\PortAllocationPreview.tsx
  34:6  warning  React Hook useMemo has a missing dependency: 'wizardData'. Either include it or remove the dependency array  react-hooks/exhaustive-deps

E:\Programming\ARK\asa-management\asa-servers-dashboard\src\contexts\AuthContext.tsx
  96:14  warning  Fast refresh only works when a file only exports components. Use a new file to share constants or functions between components  react-refresh/only-export-components

E:\Programming\ARK\asa-management\asa-servers-dashboard\src\contexts\ConfirmContext.tsx
  66:14  warning  Fast refresh only works when a file only exports components. Use a new file to share constants or functions between components  react-refresh/only-export-components

E:\Programming\ARK\asa-management\asa-servers-dashboard\src\contexts\ConfirmContext2.tsx
  70:14  warning  Fast refresh only works when a file only exports components. Use a new file to share constants or functions between components  react-refresh/only-export-components

E:\Programming\ARK\asa-management\asa-servers-dashboard\src\contexts\DeveloperContext.tsx
  49:14  warning  Fast refresh only works when a file only exports components. Use a new file to share constants or functions between components  react-refresh/only-export-components

E:\Programming\ARK\asa-management\asa-servers-dashboard\src\contexts\ToastContext.tsx
  83:14  warning  Fast refresh only works when a file only exports components. Use a new file to share constants or functions between components  react-refresh/only-export-components

E:\Programming\ARK\asa-management\asa-servers-dashboard\src\pages\Configs.tsx
  81:6  warning  React Hook useEffect has a missing dependency: 'loadInitialData'. Either include it or remove the dependency array  react-hooks/exhaustive-deps

E:\Programming\ARK\asa-management\asa-servers-dashboard\src\pages\Dashboard.tsx
   17:16  warning  Unexpected any. Specify a different type  @typescript-eslint/no-explicit-any
   30:12  warning  Unexpected any. Specify a different type  @typescript-eslint/no-explicit-any
   32:12  warning  Unexpected any. Specify a different type  @typescript-eslint/no-explicit-any
   48:12  warning  Unexpected any. Specify a different type  @typescript-eslint/no-explicit-any
   56:22  warning  Unexpected any. Specify a different type  @typescript-eslint/no-explicit-any
   57:13  warning  Unexpected any. Specify a different type  @typescript-eslint/no-explicit-any
   58:19  warning  Unexpected any. Specify a different type  @typescript-eslint/no-explicit-any
   71:16  warning  Unexpected any. Specify a different type  @typescript-eslint/no-explicit-any
   72:11  warning  Unexpected any. Specify a different type  @typescript-eslint/no-explicit-any
   73:16  warning  Unexpected any. Specify a different type  @typescript-eslint/no-explicit-any
   74:13  warning  Unexpected any. Specify a different type  @typescript-eslint/no-explicit-any
  167:19  warning  Unexpected any. Specify a different type  @typescript-eslint/no-explicit-any
  209:19  warning  Unexpected any. Specify a different type  @typescript-eslint/no-explicit-any
  236:37  warning  Unexpected any. Specify a different type  @typescript-eslint/no-explicit-any
  267:42  warning  Unexpected any. Specify a different type  @typescript-eslint/no-explicit-any
  268:42  warning  Unexpected any. Specify a different type  @typescript-eslint/no-explicit-any
  269:42  warning  Unexpected any. Specify a different type  @typescript-eslint/no-explicit-any

E:\Programming\ARK\asa-management\asa-servers-dashboard\src\pages\GlobalServerConfigs.tsx
  45:66  warning  Unexpected any. Specify a different type  @typescript-eslint/no-explicit-any

E:\Programming\ARK\asa-management\asa-servers-dashboard\src\pages\Rcon.tsx
  27:63  warning  Unexpected any. Specify a different type  @typescript-eslint/no-explicit-any
  35:16  warning  'err' is defined but never used           @typescript-eslint/no-unused-vars

E:\Programming\ARK\asa-management\asa-servers-dashboard\src\pages\ServerDetails.tsx
  222:56  warning  Unexpected any. Specify a different type  @typescript-eslint/no-explicit-any
  222:80  warning  Unexpected any. Specify a different type  @typescript-eslint/no-explicit-any

E:\Programming\ARK\asa-management\asa-servers-dashboard\src\pages\Servers.tsx
  173:14  warning  'err' is defined but never used  @typescript-eslint/no-unused-vars

E:\Programming\ARK\asa-management\asa-servers-dashboard\src\pages\SystemLogs.tsx
   48:46  warning  Unexpected any. Specify a different type                                                                                             @typescript-eslint/no-explicit-any
   72:6   warning  React Hook useEffect has a missing dependency: 'loadLogs'. Either include it or remove the dependency array                          react-hooks/exhaustive-deps
   88:6   warning  React Hook useEffect has missing dependencies: 'loadLogs' and 'refreshInterval'. Either include them or remove the dependency array  react-hooks/exhaustive-deps
  156:6   warning  React Hook useEffect has a missing dependency: 'activeTab'. Either include it or remove the dependency array                         react-hooks/exhaustive-deps
  173:16  warning  'error' is defined but never used                                                                                                    @typescript-eslint/no-unused-vars
  222:92  warning  Unexpected any. Specify a different type                                                                                             @typescript-eslint/no-explicit-any

E:\Programming\ARK\asa-management\asa-servers-dashboard\src\services\api-containers.ts
  367:14  warning  'error' is defined but never used  @typescript-eslint/no-unused-vars

E:\Programming\ARK\asa-management\asa-servers-dashboard\src\services\discord.ts
  34:10  warning  Unexpected any. Specify a different type  @typescript-eslint/no-explicit-any

E:\Programming\ARK\asa-management\asa-servers-dashboard\src\services\socket.ts
   20:12  warning  Unexpected any. Specify a different type        @typescript-eslint/no-explicit-any
   65:24  warning  Promise executor functions should not be async  no-async-promise-executor
  273:18  warning  Unexpected any. Specify a different type        @typescript-eslint/no-explicit-any
  274:30  warning  Unexpected any. Specify a different type        @typescript-eslint/no-explicit-any
  275:16  warning  Unexpected any. Specify a different type        @typescript-eslint/no-explicit-any
  315:16  warning  Unexpected any. Specify a different type        @typescript-eslint/no-explicit-any
  559:32  warning  Unexpected any. Specify a different type        @typescript-eslint/no-explicit-any
  593:54  warning  Unexpected any. Specify a different type        @typescript-eslint/no-explicit-any
  594:36  warning  Unexpected any. Specify a different type        @typescript-eslint/no-explicit-any
  597:55  warning  Unexpected any. Specify a different type        @typescript-eslint/no-explicit-any
  598:36  warning  Unexpected any. Specify a different type        @typescript-eslint/no-explicit-any
  602:34  warning  Unexpected any. Specify a different type        @typescript-eslint/no-explicit-any

E:\Programming\ARK\asa-management\asa-servers-dashboard\src\types\provisioning.ts
   37:15  warning  Unexpected any. Specify a different type  @typescript-eslint/no-explicit-any
   98:22  warning  Unexpected any. Specify a different type  @typescript-eslint/no-explicit-any
  184:17  warning  Unexpected any. Specify a different type  @typescript-eslint/no-explicit-any

E:\Programming\ARK\asa-management\asa-servers-dashboard\src\utils\serverUtils.ts
   11:11  warning  Unexpected any. Specify a different type  @typescript-eslint/no-explicit-any
   15:12  warning  Unexpected any. Specify a different type  @typescript-eslint/no-explicit-any
  111:37  warning  Unexpected any. Specify a different type  @typescript-eslint/no-explicit-any

Γ£û 142 problems (0 errors, 142 warnings)

